{
  "RSpec": {
    "coverage": {
      "/Users/Kelly/Desktop/t3/lib/game_runner.rb": [
        1,
        1,
        1,
        null,
        1,
        1,
        null,
        1,
        4,
        4,
        4,
        null,
        null,
        1,
        7,
        7,
        null,
        null,
        1,
        7,
        7,
        7,
        null,
        null,
        1,
        9,
        4,
        3,
        null,
        2,
        2,
        null,
        null,
        null,
        null
      ],
      "/Users/Kelly/Desktop/t3/lib/console_io.rb": [
        1,
        1,
        null,
        1,
        1,
        1,
        1,
        1,
        1,
        1,
        1,
        null,
        1,
        56,
        null,
        null,
        1,
        15,
        null,
        null,
        1,
        41,
        null,
        null,
        1,
        20,
        null,
        null,
        1,
        1,
        null,
        null,
        1,
        5,
        5,
        null,
        null,
        1,
        1,
        null,
        null,
        1,
        3,
        null,
        null,
        1,
        1,
        1,
        1,
        null,
        null,
        1,
        1,
        4,
        1,
        null,
        null,
        1,
        1,
        null,
        null,
        1,
        1,
        1,
        1,
        null,
        null,
        1,
        1,
        null,
        null,
        1,
        1,
        1,
        null,
        null,
        null,
        1,
        11,
        11,
        11,
        null,
        11,
        33,
        33,
        null,
        11,
        11,
        11,
        11,
        11,
        null,
        null,
        1,
        22,
        null,
        22,
        66,
        66,
        null,
        null,
        22,
        null,
        null,
        1,
        33,
        33,
        null,
        33,
        99,
        null,
        null,
        33,
        null,
        null,
        1,
        33,
        33,
        null,
        33,
        99,
        99,
        null,
        null,
        33,
        null,
        null,
        1,
        1,
        null,
        null,
        1,
        1,
        null,
        null,
        1,
        1,
        null,
        null,
        1,
        1,
        null,
        null,
        null
      ],
      "/Users/Kelly/Desktop/t3/lib/configurations.rb": [
        1,
        1,
        1,
        1,
        null,
        1,
        1,
        null,
        1,
        null,
        1,
        28,
        null,
        null,
        1,
        1,
        1,
        1,
        null,
        null,
        1,
        3,
        null,
        null,
        1,
        5,
        1,
        1,
        2,
        null,
        1,
        1,
        null,
        null,
        null,
        1,
        4,
        null,
        null,
        1,
        3,
        3,
        null,
        null,
        1,
        4,
        1,
        2,
        null,
        1,
        1,
        null,
        null,
        null,
        1,
        1,
        null,
        null,
        1,
        5,
        null,
        null,
        1,
        8,
        null,
        8,
        1,
        1,
        null,
        7,
        7,
        null,
        null,
        null,
        1,
        1,
        1,
        1,
        null,
        null,
        1,
        8,
        null,
        null,
        1,
        20,
        null,
        null,
        1,
        12,
        null,
        null,
        1,
        8,
        null,
        null,
        1,
        12,
        null,
        null,
        1,
        9,
        null,
        null,
        1,
        5,
        2,
        1,
        null,
        2,
        2,
        null,
        null,
        null,
        null
      ],
      "/Users/Kelly/Desktop/t3/lib/board.rb": [
        1,
        1,
        null,
        1,
        86,
        86,
        null,
        null,
        1,
        178,
        null,
        null,
        1,
        3,
        null,
        null,
        1,
        282,
        null,
        null,
        1,
        10,
        null,
        null,
        1,
        17,
        null,
        null,
        1,
        12,
        null,
        null,
        1,
        16,
        null,
        null,
        null
      ],
      "/Users/Kelly/Desktop/t3/lib/easy_ai.rb": [
        1,
        null,
        1,
        null,
        1,
        11,
        null,
        null,
        1,
        1,
        null,
        null,
        1,
        1,
        null,
        null,
        null
      ],
      "/Users/Kelly/Desktop/t3/lib/Player.rb": [
        1,
        1,
        null,
        1,
        0,
        null,
        null
      ],
      "/Users/Kelly/Desktop/t3/lib/human.rb": [
        1,
        null,
        1,
        1,
        null,
        1,
        16,
        16,
        null,
        null,
        1,
        1,
        null,
        null,
        1,
        1,
        null,
        null,
        null
      ],
      "/Users/Kelly/Desktop/t3/lib/game_rules.rb": [
        1,
        1,
        null,
        1,
        null,
        1,
        41,
        null,
        null,
        1,
        6,
        null,
        null,
        1,
        103,
        null,
        null,
        1,
        4,
        null,
        null,
        1,
        14,
        14,
        null,
        14,
        56,
        122,
        8,
        null,
        null,
        null,
        null,
        14,
        null,
        null,
        1,
        114,
        null,
        null,
        1,
        17,
        null,
        null,
        1,
        80,
        null,
        null,
        1,
        80,
        80,
        null,
        null,
        1,
        null,
        1,
        36,
        36,
        36,
        null,
        null,
        null
      ],
      "/Users/Kelly/Desktop/t3/lib/game.rb": [
        1,
        1,
        null,
        1,
        11,
        11,
        null,
        null,
        1,
        94,
        null,
        null,
        1,
        5,
        null,
        null,
        1,
        4,
        null,
        null,
        1,
        65,
        null,
        null,
        1,
        36,
        null,
        null,
        1,
        46,
        null,
        null,
        1,
        5,
        5,
        null,
        null,
        1,
        5,
        14,
        14,
        14,
        14,
        null,
        5,
        5,
        null,
        null,
        1,
        5,
        null,
        null,
        1,
        19,
        null,
        null,
        1,
        19,
        null,
        null,
        1,
        16,
        16,
        null,
        16,
        2,
        2,
        null,
        null,
        null,
        null,
        1,
        14,
        null,
        null,
        1,
        17,
        null,
        null,
        1,
        5,
        null,
        null,
        1,
        2,
        null,
        null,
        1,
        3,
        null,
        null
      ],
      "/Users/Kelly/Desktop/t3/lib/player.rb": [
        1,
        1,
        null,
        1,
        28,
        null,
        null
      ],
      "/Users/Kelly/Desktop/t3/lib/minimax.rb": [
        1,
        null,
        null,
        null,
        null,
        null,
        null,
        null,
        null,
        null,
        null,
        null,
        null,
        null,
        null,
        null,
        null,
        null,
        null,
        null,
        null,
        null,
        null,
        null,
        null,
        null,
        null,
        null,
        null,
        null,
        null,
        null,
        null,
        null,
        null,
        null,
        null,
        null,
        null,
        null,
        null,
        null,
        null,
        null,
        null,
        null,
        null,
        null,
        null,
        null,
        null,
        null,
        null,
        null,
        null,
        null,
        null,
        null,
        null,
        null,
        null,
        null,
        null,
        null,
        null,
        null,
        null,
        null,
        null,
        null,
        null,
        null
      ],
      "/Users/Kelly/Desktop/t3/spec/configurations_spec.rb": [
        1,
        null,
        1,
        null,
        25,
        2,
        1,
        1,
        25,
        null,
        1,
        1,
        null,
        null,
        1,
        1,
        1,
        1,
        1,
        1,
        null,
        null,
        1,
        1,
        1,
        1,
        1,
        null,
        null,
        1,
        1,
        1,
        null,
        null,
        null,
        1,
        1,
        1,
        1,
        null,
        null,
        1,
        1,
        1,
        null,
        null,
        1,
        1,
        1,
        null,
        null,
        1,
        1,
        1,
        1,
        null,
        null,
        null,
        1,
        1,
        1,
        1,
        1,
        1,
        1,
        null,
        null,
        1,
        1,
        1,
        1,
        1,
        1,
        null,
        null,
        1,
        1,
        1,
        1,
        1,
        1,
        1,
        null,
        null,
        null,
        1,
        1,
        1,
        1,
        null,
        null,
        1,
        1,
        1,
        1,
        1,
        null,
        null,
        null,
        1,
        1,
        1,
        null,
        null,
        1,
        1,
        1,
        null,
        null,
        1,
        1,
        null,
        null,
        1,
        1,
        1,
        null,
        null,
        null,
        1,
        1,
        1,
        null,
        null,
        1,
        1,
        null,
        null,
        1,
        1,
        null,
        null,
        1,
        1,
        null,
        null,
        null,
        1,
        1,
        1,
        1,
        null,
        null,
        1,
        1,
        1,
        null,
        null,
        1,
        1,
        1,
        1,
        null,
        null,
        null,
        null
      ],
      "/Users/Kelly/Desktop/t3/spec/console_io_spec.rb": [
        1,
        null,
        1,
        1,
        17,
        17,
        null,
        null,
        1,
        4,
        2,
        null,
        1,
        1,
        1,
        null,
        null,
        1,
        1,
        1,
        null,
        null,
        1,
        1,
        1,
        null,
        null,
        1,
        1,
        1,
        1,
        null,
        null,
        1,
        1,
        1,
        null,
        null,
        1,
        1,
        1,
        1,
        1,
        1,
        null,
        null,
        1,
        1,
        1,
        1,
        1,
        1,
        1,
        null,
        null,
        null,
        1,
        1,
        1,
        1,
        null,
        null,
        1,
        1,
        1,
        1,
        1,
        1,
        null,
        null,
        1,
        1,
        1,
        null,
        null,
        1,
        1,
        1,
        1,
        1,
        null,
        null,
        1,
        1,
        1,
        1,
        1,
        1,
        1,
        1,
        1,
        null,
        null,
        1,
        1,
        1,
        1,
        1,
        1,
        1,
        1,
        null,
        null,
        null,
        1,
        1,
        1,
        null,
        null,
        1,
        1,
        1,
        null,
        null,
        1,
        1,
        1,
        null,
        null,
        1,
        1,
        1,
        1,
        null,
        null,
        null
      ],
      "/Users/Kelly/Desktop/t3/spec/easy_ai_spec.rb": [
        1,
        null,
        1,
        null,
        4,
        null,
        1,
        1,
        null,
        null,
        1,
        1,
        null,
        null,
        1,
        1,
        null,
        null,
        1,
        1,
        null,
        null,
        null
      ],
      "/Users/Kelly/Desktop/t3/spec/game_rules_spec.rb": [
        1,
        null,
        1,
        1,
        22,
        22,
        null,
        1,
        1,
        null,
        null,
        1,
        1,
        1,
        1,
        null,
        null,
        1,
        1,
        1,
        null,
        null,
        1,
        1,
        1,
        null,
        null,
        1,
        1,
        1,
        null,
        null,
        null,
        1,
        1,
        1,
        1,
        null,
        null,
        1,
        1,
        1,
        null,
        null,
        null,
        1,
        1,
        1,
        1,
        null,
        null,
        1,
        1,
        1,
        null,
        null,
        null,
        1,
        1,
        1,
        1,
        null,
        null,
        1,
        1,
        1,
        null,
        null,
        1,
        1,
        1,
        null,
        null,
        1,
        1,
        1,
        null,
        null,
        1,
        1,
        1,
        null,
        null,
        1,
        1,
        1,
        null,
        null,
        null,
        1,
        1,
        1,
        null,
        null,
        1,
        1,
        1,
        null,
        null,
        1,
        1,
        1,
        1,
        null,
        null,
        1,
        1,
        1,
        null,
        null,
        null,
        1,
        1,
        1,
        1,
        null,
        null,
        1,
        1,
        1,
        null,
        null,
        null,
        null,
        1,
        7,
        7,
        null,
        1,
        1,
        1,
        1,
        null,
        null,
        null,
        1,
        1,
        1,
        1,
        null,
        null,
        null,
        1,
        1,
        1,
        null,
        null,
        1,
        1,
        1,
        null,
        null,
        1,
        1,
        1,
        null,
        null,
        1,
        1,
        1,
        null,
        null,
        null,
        1,
        7,
        7,
        null,
        1,
        1,
        1,
        1,
        null,
        null,
        null,
        1,
        1,
        1,
        1,
        null,
        null,
        null,
        1,
        1,
        1,
        null,
        null,
        1,
        1,
        1,
        null,
        null,
        1,
        1,
        1,
        null,
        null,
        1,
        1,
        1,
        null,
        null,
        null,
        null
      ],
      "/Users/Kelly/Desktop/t3/spec/game_runner_spec.rb": [
        1,
        null,
        1,
        1,
        1,
        1,
        1,
        null,
        null,
        1,
        1,
        1,
        1,
        1,
        1,
        null,
        null,
        1,
        1,
        1,
        1,
        1,
        null,
        null,
        1,
        1,
        1,
        1,
        1,
        1,
        null,
        null,
        null
      ],
      "/Users/Kelly/Desktop/t3/spec/game_spec.rb": [
        1,
        null,
        1,
        8,
        1,
        8,
        8,
        8,
        8,
        8,
        8,
        null,
        null,
        1,
        1,
        1,
        1,
        1,
        1,
        1,
        1,
        1,
        1,
        1,
        1,
        null,
        null,
        1,
        1,
        1,
        1,
        1,
        1,
        1,
        1,
        1,
        1,
        1,
        1,
        null,
        null,
        1,
        1,
        1,
        1,
        1,
        1,
        1,
        1,
        1,
        1,
        1,
        1,
        null,
        null,
        1,
        1,
        1,
        1,
        1,
        1,
        1,
        1,
        1,
        1,
        1,
        1,
        null,
        null,
        1,
        1,
        1,
        1,
        1,
        1,
        1,
        1,
        1,
        1,
        1,
        1,
        1,
        null,
        null,
        null,
        1,
        1,
        1,
        1,
        null,
        null,
        1,
        1,
        1,
        1,
        null,
        null,
        null,
        null
      ],
      "/Users/Kelly/Desktop/t3/spec/human_spec.rb": [
        1,
        null,
        1,
        5,
        5,
        null,
        1,
        1,
        null,
        null,
        1,
        1,
        null,
        null,
        1,
        1,
        null,
        null,
        1,
        1,
        null,
        null,
        1,
        1,
        1,
        null,
        null,
        null
      ],
      "/Users/Kelly/Desktop/t3/spec/minimax_spec.rb": [
        1,
        null,
        1,
        1,
        1,
        1,
        1,
        null,
        1,
        null,
        null,
        null,
        null,
        null,
        null,
        null
      ],
      "/Users/Kelly/Desktop/t3/spec/player_spec.rb": [
        1,
        null,
        1,
        2,
        1,
        null,
        1,
        1,
        null,
        null,
        null
      ]
    },
    "timestamp": 1362144629
  }
}
